  BasicApplication.cpp
C:\Users\Arran\Documents\CSCM98\CW1 Fractal\BasicOpenCLApplication\BasicApplication.cpp(48,19): warning C4996: 'strcpy': This function or variable may be unsafe. Consider using strcpy_s instead. To disable deprecation, use _CRT_SECURE_NO_WARNINGS. See online help for details.
C:\Program Files (x86)\Windows Kits\10\Include\10.0.18362.0\ucrt\string.h(133): message : see declaration of 'strcpy'
C:\Users\Arran\Documents\CSCM98\CW1 Fractal\BasicOpenCLApplication\BasicApplication.cpp(58,1): warning C4996: 'fopen': This function or variable may be unsafe. Consider using fopen_s instead. To disable deprecation, use _CRT_SECURE_NO_WARNINGS. See online help for details.
C:\Program Files (x86)\Windows Kits\10\Include\10.0.18362.0\ucrt\stdio.h(208): message : see declaration of 'fopen'
C:\Users\Arran\Documents\CSCM98\CW1 Fractal\BasicOpenCLApplication\BasicApplication.cpp(135,15): warning C4305: '=': truncation from 'double' to 'float'
C:\Users\Arran\Documents\CSCM98\CW1 Fractal\BasicOpenCLApplication\BasicApplication.cpp(155,18): warning C4305: 'argument': truncation from 'double' to 'float'
C:\Users\Arran\Documents\CSCM98\CW1 Fractal\BasicOpenCLApplication\BasicApplication.cpp(213,36): warning C4244: '=': conversion from 'double' to 'float', possible loss of data
C:\Users\Arran\Documents\CSCM98\CW1 Fractal\BasicOpenCLApplication\BasicApplication.cpp(214,34): warning C4244: '=': conversion from 'double' to 'float', possible loss of data
C:\Users\Arran\Documents\CSCM98\CW1 Fractal\BasicOpenCLApplication\BasicApplication.cpp(218,53): warning C4244: '=': conversion from 'float' to 'unsigned char', possible loss of data
C:\Users\Arran\Documents\CSCM98\CW1 Fractal\BasicOpenCLApplication\BasicApplication.cpp(231,22): warning C4244: '=': conversion from 'double' to 'float', possible loss of data
C:\Users\Arran\Documents\CSCM98\CW1 Fractal\BasicOpenCLApplication\BasicApplication.cpp(232,20): warning C4244: '=': conversion from 'double' to 'float', possible loss of data
C:\Users\Arran\Documents\CSCM98\CW1 Fractal\BasicOpenCLApplication\BasicApplication.cpp(233,12): warning C4244: 'initializing': conversion from 'int' to 'float', possible loss of data
C:\Users\Arran\Documents\CSCM98\CW1 Fractal\BasicOpenCLApplication\BasicApplication.cpp(236,22): warning C4244: '=': conversion from 'float' to 'unsigned char', possible loss of data
C:\Users\Arran\Documents\CSCM98\CW1 Fractal\BasicOpenCLApplication\BasicApplication.cpp(257,56): warning C4305: 'initializing': truncation from 'double' to 'float'
C:\Users\Arran\Documents\CSCM98\CW1 Fractal\BasicOpenCLApplication\BasicApplication.cpp(258,47): warning C4305: 'initializing': truncation from 'double' to 'float'
  Generating code
  0 of 73 functions ( 0.0%) were compiled, the rest were copied from previous compilation.
    0 functions were new in current compilation
    0 functions had inline decision re-evaluated but remain unchanged
  Finished generating code
  BasicOpenCLApplication.vcxproj -> C:\Users\Arran\Documents\CSCM98\CW1 Fractal\Release\BasicApplication.exe
